  research_project.cpp
C:\Users\Kirill\Desktop\research_project\research_project\research_project.cpp(18,20): warning C4018: <: несоответствие типов со знаком и без знака
C:\Users\Kirill\Desktop\research_project\research_project\research_project.cpp(31,20): warning C4018: <: несоответствие типов со знаком и без знака
C:\Users\Kirill\Desktop\research_project\research_project\research_project.cpp(47,20): warning C4018: <: несоответствие типов со знаком и без знака
C:\Users\Kirill\Desktop\research_project\research_project\research_project.cpp(56,20): warning C4018: <: несоответствие типов со знаком и без знака
C:\Users\Kirill\Desktop\research_project\research_project\research_project.cpp(73,20): warning C4018: <: несоответствие типов со знаком и без знака
C:\Users\Kirill\Desktop\research_project\research_project\research_project.cpp(81,20): warning C4018: <: несоответствие типов со знаком и без знака
C:\Users\Kirill\Desktop\research_project\research_project\research_project.cpp(90,20): warning C4018: <: несоответствие типов со знаком и без знака
C:\Users\Kirill\Desktop\research_project\research_project\research_project.cpp(132,20): warning C4018: <: несоответствие типов со знаком и без знака
C:\Users\Kirill\Desktop\research_project\research_project\research_project.cpp(160,20): warning C4018: <: несоответствие типов со знаком и без знака
C:\Users\Kirill\Desktop\research_project\research_project\research_project.cpp(191,20): warning C4018: <: несоответствие типов со знаком и без знака
C:\Users\Kirill\Desktop\research_project\research_project\research_project.cpp(226,20): warning C4018: <: несоответствие типов со знаком и без знака
C:\Users\Kirill\Desktop\research_project\research_project\research_project.cpp(225,6): warning C4101: stackmark: неиспользованная локальная переменная
C:\Users\Kirill\Desktop\research_project\research_project\research_project.cpp(927,20): warning C4018: <: несоответствие типов со знаком и без знака
C:\Users\Kirill\Desktop\research_project\research_project\research_project.cpp(1005,20): warning C4018: <: несоответствие типов со знаком и без знака
C:\Users\Kirill\Desktop\research_project\research_project\research_project.cpp(1036,20): warning C4018: <: несоответствие типов со знаком и без знака
C:\Users\Kirill\Desktop\research_project\research_project\research_project.cpp(1071,21): warning C4018: <: несоответствие типов со знаком и без знака
C:\Users\Kirill\Desktop\research_project\research_project\research_project.cpp(1104,12): warning C4018: <: несоответствие типов со знаком и без знака
C:\Users\Kirill\Desktop\research_project\research_project\research_project.cpp(1107,15): warning C4018: <: несоответствие типов со знаком и без знака
C:\Users\Kirill\Desktop\research_project\research_project\research_project.cpp(1109,11): warning C4018: <: несоответствие типов со знаком и без знака
C:\Users\Kirill\Desktop\research_project\research_project\research_project.cpp(1196,12): warning C4018: <: несоответствие типов со знаком и без знака
C:\Users\Kirill\Desktop\research_project\research_project\research_project.cpp(1199,15): warning C4018: <: несоответствие типов со знаком и без знака
C:\Users\Kirill\Desktop\research_project\research_project\research_project.cpp(1201,11): warning C4018: <: несоответствие типов со знаком и без знака
C:\Users\Kirill\Desktop\research_project\research_project\research_project.cpp(1267,12): warning C4018: <: несоответствие типов со знаком и без знака
C:\Users\Kirill\Desktop\research_project\research_project\research_project.cpp(1270,15): warning C4018: <: несоответствие типов со знаком и без знака
C:\Users\Kirill\Desktop\research_project\research_project\research_project.cpp(1272,11): warning C4018: <: несоответствие типов со знаком и без знака
C:\Users\Kirill\Desktop\research_project\research_project\research_project.cpp(1340,21): warning C4018: <: несоответствие типов со знаком и без знака
C:\Users\Kirill\Desktop\research_project\research_project\research_project.cpp(1343,21): warning C4018: <: несоответствие типов со знаком и без знака
C:\Users\Kirill\Desktop\research_project\research_project\research_project.cpp(1354,21): warning C4018: <: несоответствие типов со знаком и без знака
C:\Users\Kirill\Desktop\research_project\research_project\research_project.cpp(1357,21): warning C4018: <: несоответствие типов со знаком и без знака
C:\Users\Kirill\Desktop\research_project\research_project\research_project.cpp(1382,11): warning C4018: <: несоответствие типов со знаком и без знака
C:\Users\Kirill\Desktop\research_project\research_project\research_project.cpp(1450,28): warning C4018: <: несоответствие типов со знаком и без знака
C:\Users\Kirill\Desktop\research_project\research_project\research_project.cpp(1484,44): warning C4018: <: несоответствие типов со знаком и без знака
C:\Users\Kirill\Desktop\research_project\research_project\research_project.cpp(1495,44): warning C4018: <: несоответствие типов со знаком и без знака
C:\Users\Kirill\Desktop\research_project\research_project\research_project.cpp(1576,20): warning C4018: <: несоответствие типов со знаком и без знака
C:\Users\Kirill\Desktop\research_project\research_project\research_project.cpp(1579,12): warning C4018: <: несоответствие типов со знаком и без знака
C:\Users\Kirill\Desktop\research_project\research_project\research_project.cpp(1588,23): warning C4018: <: несоответствие типов со знаком и без знака
C:\Users\Kirill\Desktop\research_project\research_project\research_project.cpp(1601,20): warning C4018: <: несоответствие типов со знаком и без знака
C:\Users\Kirill\Desktop\research_project\research_project\research_project.cpp(1615,15): warning C4018: <: несоответствие типов со знаком и без знака
C:\Users\Kirill\Desktop\research_project\research_project\research_project.cpp(1623,15): warning C4018: <: несоответствие типов со знаком и без знака
C:\Users\Kirill\Desktop\research_project\research_project\research_project.cpp(1635,15): warning C4018: <: несоответствие типов со знаком и без знака
C:\Users\Kirill\Desktop\research_project\research_project\research_project.cpp(1659,15): warning C4018: <: несоответствие типов со знаком и без знака
C:\Users\Kirill\Desktop\research_project\research_project\research_project.cpp(1689,15): warning C4018: <: несоответствие типов со знаком и без знака
C:\Users\Kirill\Desktop\research_project\research_project\research_project.cpp(1713,15): warning C4018: <: несоответствие типов со знаком и без знака
C:\Users\Kirill\Desktop\research_project\research_project\research_project.cpp(1740,15): warning C4018: <: несоответствие типов со знаком и без знака
C:\Users\Kirill\Desktop\research_project\research_project\research_project.cpp(1763,15): warning C4018: <: несоответствие типов со знаком и без знака
C:\Users\Kirill\Desktop\research_project\research_project\research_project.cpp(1790,15): warning C4018: <: несоответствие типов со знаком и без знака
C:\Users\Kirill\Desktop\research_project\research_project\research_project.cpp(1813,15): warning C4018: <: несоответствие типов со знаком и без знака
C:\Users\Kirill\Desktop\research_project\research_project\research_project.cpp(1851,15): warning C4018: <: несоответствие типов со знаком и без знака
C:\Users\Kirill\Desktop\research_project\research_project\research_project.cpp(1874,15): warning C4018: <: несоответствие типов со знаком и без знака
C:\Users\Kirill\Desktop\research_project\research_project\research_project.cpp(1898,15): warning C4018: <: несоответствие типов со знаком и без знака
C:\Users\Kirill\Desktop\research_project\research_project\research_project.cpp(1921,15): warning C4018: <: несоответствие типов со знаком и без знака
C:\Users\Kirill\Desktop\research_project\research_project\research_project.cpp(1948,15): warning C4018: <: несоответствие типов со знаком и без знака
C:\Users\Kirill\Desktop\research_project\research_project\research_project.cpp(1975,15): warning C4018: <: несоответствие типов со знаком и без знака
C:\Users\Kirill\Desktop\research_project\research_project\research_project.cpp(2010,15): warning C4018: <: несоответствие типов со знаком и без знака
C:\Users\Kirill\Desktop\research_project\research_project\research_project.cpp(2037,15): warning C4018: <: несоответствие типов со знаком и без знака
C:\Users\Kirill\Desktop\research_project\research_project\research_project.cpp(2083,20): warning C4018: <: несоответствие типов со знаком и без знака
C:\Users\Kirill\Desktop\research_project\research_project\research_project.cpp(2087,30): warning C4018: <: несоответствие типов со знаком и без знака
C:\Users\Kirill\Desktop\research_project\research_project\research_project.cpp(2091,22): warning C4018: <: несоответствие типов со знаком и без знака
C:\Users\Kirill\Desktop\research_project\research_project\research_project.cpp(2095,30): warning C4018: <: несоответствие типов со знаком и без знака
C:\Users\Kirill\Desktop\research_project\research_project\research_project.cpp(2104,20): warning C4018: <: несоответствие типов со знаком и без знака
C:\Users\Kirill\Desktop\research_project\research_project\research_project.cpp(2108,12): warning C4018: <: несоответствие типов со знаком и без знака
C:\Users\Kirill\Desktop\research_project\research_project\research_project.cpp(2122,20): warning C4018: <: несоответствие типов со знаком и без знака
C:\Users\Kirill\Desktop\research_project\research_project\research_project.cpp(2125,20): warning C4018: <: несоответствие типов со знаком и без знака
C:\Users\Kirill\Desktop\research_project\research_project\research_project.cpp(2129,12): warning C4018: <: несоответствие типов со знаком и без знака
C:\Users\Kirill\Desktop\research_project\research_project\research_project.cpp(2136,31): warning C4018: <: несоответствие типов со знаком и без знака
C:\Users\Kirill\Desktop\research_project\research_project\research_project.cpp(2148,20): warning C4018: <: несоответствие типов со знаком и без знака
C:\Users\Kirill\Desktop\research_project\research_project\research_project.cpp(2151,29): warning C4018: <: несоответствие типов со знаком и без знака
C:\Users\Kirill\Desktop\research_project\research_project\research_project.cpp(2162,20): warning C4018: <: несоответствие типов со знаком и без знака
C:\Users\Kirill\Desktop\research_project\research_project\research_project.cpp(966,72): warning C4101: i15: неиспользованная локальная переменная
C:\Users\Kirill\Desktop\research_project\research_project\research_project.cpp(1003,6): warning C4101: n21: неиспользованная локальная переменная
C:\Users\Kirill\Desktop\research_project\research_project\research_project.cpp(1376,6): warning C4101: state: неиспользованная локальная переменная
C:\Users\Kirill\Desktop\research_project\research_project\research_project.cpp(1002,6): warning C4101: n20: неиспользованная локальная переменная
C:\Users\Kirill\Desktop\research_project\research_project\research_project.cpp(1377,6): warning C4101: i: неиспользованная локальная переменная
C:\Users\Kirill\Desktop\research_project\research_project\research_project.cpp(966,106): warning C4101: i17: неиспользованная локальная переменная
C:\Users\Kirill\Desktop\research_project\research_project\research_project.cpp(966,10): warning C4101: i2: неиспользованная локальная переменная
C:\Users\Kirill\Desktop\research_project\research_project\research_project.cpp(966,18): warning C4101: il: неиспользованная локальная переменная
C:\Users\Kirill\Desktop\research_project\research_project\research_project.cpp(2237,20): warning C4018: <: несоответствие типов со знаком и без знака
C:\Users\Kirill\Desktop\research_project\research_project\research_project.cpp(2269,20): warning C4018: <: несоответствие типов со знаком и без знака
C:\Users\Kirill\Desktop\research_project\research_project\research_project.cpp(2305,21): warning C4018: <: несоответствие типов со знаком и без знака
C:\Users\Kirill\Desktop\research_project\research_project\research_project.cpp(2341,18): warning C4018: <: несоответствие типов со знаком и без знака
C:\Users\Kirill\Desktop\research_project\research_project\research_project.cpp(2347,13): warning C4018: <: несоответствие типов со знаком и без знака
C:\Users\Kirill\Desktop\research_project\research_project\research_project.cpp(2350,16): warning C4018: <: несоответствие типов со знаком и без знака
C:\Users\Kirill\Desktop\research_project\research_project\research_project.cpp(2352,12): warning C4018: <: несоответствие типов со знаком и без знака
C:\Users\Kirill\Desktop\research_project\research_project\research_project.cpp(2389,31): warning C4018: <: несоответствие типов со знаком и без знака
C:\Users\Kirill\Desktop\research_project\research_project\research_project.cpp(2481,12): warning C4018: <: несоответствие типов со знаком и без знака
C:\Users\Kirill\Desktop\research_project\research_project\research_project.cpp(2484,15): warning C4018: <: несоответствие типов со знаком и без знака
C:\Users\Kirill\Desktop\research_project\research_project\research_project.cpp(2486,11): warning C4018: <: несоответствие типов со знаком и без знака
C:\Users\Kirill\Desktop\research_project\research_project\research_project.cpp(2565,12): warning C4018: <: несоответствие типов со знаком и без знака
C:\Users\Kirill\Desktop\research_project\research_project\research_project.cpp(2568,15): warning C4018: <: несоответствие типов со знаком и без знака
C:\Users\Kirill\Desktop\research_project\research_project\research_project.cpp(2570,11): warning C4018: <: несоответствие типов со знаком и без знака
C:\Users\Kirill\Desktop\research_project\research_project\research_project.cpp(2652,21): warning C4018: <: несоответствие типов со знаком и без знака
C:\Users\Kirill\Desktop\research_project\research_project\research_project.cpp(2655,21): warning C4018: <: несоответствие типов со знаком и без знака
C:\Users\Kirill\Desktop\research_project\research_project\research_project.cpp(2668,21): warning C4018: <: несоответствие типов со знаком и без знака
C:\Users\Kirill\Desktop\research_project\research_project\research_project.cpp(2671,21): warning C4018: <: несоответствие типов со знаком и без знака
C:\Users\Kirill\Desktop\research_project\research_project\research_project.cpp(2705,11): warning C4018: <: несоответствие типов со знаком и без знака
C:\Users\Kirill\Desktop\research_project\research_project\research_project.cpp(2773,28): warning C4018: <: несоответствие типов со знаком и без знака
C:\Users\Kirill\Desktop\research_project\research_project\research_project.cpp(2807,44): warning C4018: <: несоответствие типов со знаком и без знака
C:\Users\Kirill\Desktop\research_project\research_project\research_project.cpp(2818,44): warning C4018: <: несоответствие типов со знаком и без знака
C:\Users\Kirill\Desktop\research_project\research_project\research_project.cpp(2899,20): warning C4018: <: несоответствие типов со знаком и без знака
C:\Users\Kirill\Desktop\research_project\research_project\research_project.cpp(2902,12): warning C4018: <: несоответствие типов со знаком и без знака
C:\Users\Kirill\Desktop\research_project\research_project\research_project.cpp(2911,23): warning C4018: <: несоответствие типов со знаком и без знака
C:\Users\Kirill\Desktop\research_project\research_project\research_project.cpp(2924,20): warning C4018: <: несоответствие типов со знаком и без знака
C:\Users\Kirill\Desktop\research_project\research_project\research_project.cpp(2938,15): warning C4018: <: несоответствие типов со знаком и без знака
C:\Users\Kirill\Desktop\research_project\research_project\research_project.cpp(2946,15): warning C4018: <: несоответствие типов со знаком и без знака
C:\Users\Kirill\Desktop\research_project\research_project\research_project.cpp(2958,15): warning C4018: <: несоответствие типов со знаком и без знака
C:\Users\Kirill\Desktop\research_project\research_project\research_project.cpp(2982,15): warning C4018: <: несоответствие типов со знаком и без знака
C:\Users\Kirill\Desktop\research_project\research_project\research_project.cpp(3012,15): warning C4018: <: несоответствие типов со знаком и без знака
C:\Users\Kirill\Desktop\research_project\research_project\research_project.cpp(3036,15): warning C4018: <: несоответствие типов со знаком и без знака
C:\Users\Kirill\Desktop\research_project\research_project\research_project.cpp(3063,15): warning C4018: <: несоответствие типов со знаком и без знака
C:\Users\Kirill\Desktop\research_project\research_project\research_project.cpp(3086,15): warning C4018: <: несоответствие типов со знаком и без знака
C:\Users\Kirill\Desktop\research_project\research_project\research_project.cpp(3113,15): warning C4018: <: несоответствие типов со знаком и без знака
C:\Users\Kirill\Desktop\research_project\research_project\research_project.cpp(3136,15): warning C4018: <: несоответствие типов со знаком и без знака
C:\Users\Kirill\Desktop\research_project\research_project\research_project.cpp(3174,15): warning C4018: <: несоответствие типов со знаком и без знака
C:\Users\Kirill\Desktop\research_project\research_project\research_project.cpp(3197,15): warning C4018: <: несоответствие типов со знаком и без знака
C:\Users\Kirill\Desktop\research_project\research_project\research_project.cpp(3221,15): warning C4018: <: несоответствие типов со знаком и без знака
C:\Users\Kirill\Desktop\research_project\research_project\research_project.cpp(3244,15): warning C4018: <: несоответствие типов со знаком и без знака
C:\Users\Kirill\Desktop\research_project\research_project\research_project.cpp(3271,15): warning C4018: <: несоответствие типов со знаком и без знака
C:\Users\Kirill\Desktop\research_project\research_project\research_project.cpp(3298,15): warning C4018: <: несоответствие типов со знаком и без знака
C:\Users\Kirill\Desktop\research_project\research_project\research_project.cpp(3333,15): warning C4018: <: несоответствие типов со знаком и без знака
C:\Users\Kirill\Desktop\research_project\research_project\research_project.cpp(3360,15): warning C4018: <: несоответствие типов со знаком и без знака
C:\Users\Kirill\Desktop\research_project\research_project\research_project.cpp(3408,21): warning C4018: <: несоответствие типов со знаком и без знака
C:\Users\Kirill\Desktop\research_project\research_project\research_project.cpp(3412,31): warning C4018: <: несоответствие типов со знаком и без знака
C:\Users\Kirill\Desktop\research_project\research_project\research_project.cpp(3416,23): warning C4018: <: несоответствие типов со знаком и без знака
C:\Users\Kirill\Desktop\research_project\research_project\research_project.cpp(3420,31): warning C4018: <: несоответствие типов со знаком и без знака
C:\Users\Kirill\Desktop\research_project\research_project\research_project.cpp(3430,21): warning C4018: <: несоответствие типов со знаком и без знака
C:\Users\Kirill\Desktop\research_project\research_project\research_project.cpp(3434,13): warning C4018: <: несоответствие типов со знаком и без знака
C:\Users\Kirill\Desktop\research_project\research_project\research_project.cpp(3447,21): warning C4018: <: несоответствие типов со знаком и без знака
C:\Users\Kirill\Desktop\research_project\research_project\research_project.cpp(3451,13): warning C4018: <: несоответствие типов со знаком и без знака
C:\Users\Kirill\Desktop\research_project\research_project\research_project.cpp(3466,21): warning C4018: <: несоответствие типов со знаком и без знака
C:\Users\Kirill\Desktop\research_project\research_project\research_project.cpp(3469,21): warning C4018: <: несоответствие типов со знаком и без знака
C:\Users\Kirill\Desktop\research_project\research_project\research_project.cpp(3473,13): warning C4018: <: несоответствие типов со знаком и без знака
C:\Users\Kirill\Desktop\research_project\research_project\research_project.cpp(3480,32): warning C4018: <: несоответствие типов со знаком и без знака
C:\Users\Kirill\Desktop\research_project\research_project\research_project.cpp(3492,20): warning C4018: <: несоответствие типов со знаком и без знака
C:\Users\Kirill\Desktop\research_project\research_project\research_project.cpp(3495,29): warning C4018: <: несоответствие типов со знаком и без знака
C:\Users\Kirill\Desktop\research_project\research_project\research_project.cpp(3507,21): warning C4018: <: несоответствие типов со знаком и без знака
C:\Users\Kirill\Desktop\research_project\research_project\research_project.cpp(3510,30): warning C4018: <: несоответствие типов со знаком и без знака
C:\Users\Kirill\Desktop\research_project\research_project\research_project.cpp(3521,21): warning C4018: <: несоответствие типов со знаком и без знака
C:\Users\Kirill\Desktop\research_project\research_project\research_project.cpp(2175,72): warning C4101: i15: неиспользованная локальная переменная
C:\Users\Kirill\Desktop\research_project\research_project\research_project.cpp(2233,7): warning C4101: pows: неиспользованная локальная переменная
C:\Users\Kirill\Desktop\research_project\research_project\research_project.cpp(2225,35): warning C4101: ipereb: неиспользованная локальная переменная
C:\Users\Kirill\Desktop\research_project\research_project\research_project.cpp(2224,6): warning C4101: n21: неиспользованная локальная переменная
C:\Users\Kirill\Desktop\research_project\research_project\research_project.cpp(2699,6): warning C4101: state: неиспользованная локальная переменная
C:\Users\Kirill\Desktop\research_project\research_project\research_project.cpp(2225,15): warning C4101: i0check: неиспользованная локальная переменная
C:\Users\Kirill\Desktop\research_project\research_project\research_project.cpp(2223,6): warning C4101: n20: неиспользованная локальная переменная
C:\Users\Kirill\Desktop\research_project\research_project\research_project.cpp(2700,6): warning C4101: i: неиспользованная локальная переменная
C:\Users\Kirill\Desktop\research_project\research_project\research_project.cpp(2225,24): warning C4101: iotrcheck: неиспользованная локальная переменная
C:\Users\Kirill\Desktop\research_project\research_project\research_project.cpp(2175,10): warning C4101: i2: неиспользованная локальная переменная
C:\Users\Kirill\Desktop\research_project\research_project\research_project.cpp(2175,18): warning C4101: il: неиспользованная локальная переменная
C:\Users\Kirill\Desktop\research_project\research_project\research_project.cpp(2225,6): warning C4101: i1check: неиспользованная локальная переменная
C:\Users\Kirill\Desktop\research_project\research_project\research_project.cpp(3634,12): warning C4018: <: несоответствие типов со знаком и без знака
C:\Users\Kirill\Desktop\research_project\research_project\research_project.cpp(3643,23): warning C4018: <: несоответствие типов со знаком и без знака
C:\Users\Kirill\Desktop\research_project\research_project\research_project.cpp(3652,12): warning C4018: <: несоответствие типов со знаком и без знака
C:\Users\Kirill\Desktop\research_project\research_project\research_project.cpp(3661,23): warning C4018: <: несоответствие типов со знаком и без знака
C:\Users\Kirill\Desktop\research_project\research_project\research_project.cpp(3683,20): warning C4018: <: несоответствие типов со знаком и без знака
C:\Users\Kirill\Desktop\research_project\research_project\research_project.cpp(3711,1): warning C4326: возвращаемый тип "main" должен быть "int", а не "void"
C:\Users\Kirill\Desktop\research_project\research_project\research_project.cpp(3741,22): warning C4018: <: несоответствие типов со знаком и без знака
  research_project.vcxproj -> C:\Users\Kirill\Desktop\research_project\Debug\research_project.exe
